# do {SIM_uart_drive_TB_compile.do}
# ** Warning: (vlib-34) Library already exists at "modelsim_lib/work".
# ** Warning: (vlib-34) Library already exists at "modelsim_lib/msim".
# ** Warning: (vlib-34) Library already exists at "modelsim_lib/msim/xil_defaultlib".
# Model Technology ModelSim SE-64 vmap 10.7 Lib Mapping Utility 2017.12 Dec  7 2017
# vmap xil_defaultlib modelsim_lib/msim/xil_defaultlib 
# Modifying modelsim.ini
# ** Warning: (vlog-159) Mode option -64 is not supported in this context and will be ignored.
# Model Technology ModelSim SE-64 vlog 10.7 Compiler 2017.12 Dec  7 2017
# Start time: 17:31:05 on Aug 10,2023
# vlog -64 -incr -work xil_defaultlib "+incdir+../../../../uart.srcs/sources_1/ip/clk_50M" ../../../../uart.srcs/sources_1/new/clk_dev.v ../../../../uart.srcs/sources_1/new/rst_gen.v ../../../../uart.srcs/sources_1/new/uart_drive.v ../../../../uart.srcs/sources_1/new/uart_rx.v ../../../../uart.srcs/sources_1/new/uart_tx.v ../../../../uart.srcs/sim_1/new/SIM_uart_drive_TB.v 
# -- Skipping module clk_div
# -- Skipping module rst_gen
# -- Skipping module uart_drive
# -- Skipping module uart_rx
# -- Skipping module uart_tx
# -- Skipping module SIM_uart_drive_TB
# 
# Top level modules:
# 	SIM_uart_drive_TB
# End time: 17:31:05 on Aug 10,2023, Elapsed time: 0:00:00
# Errors: 0, Warnings: 1
# Model Technology ModelSim SE-64 vlog 10.7 Compiler 2017.12 Dec  7 2017
# Start time: 17:31:05 on Aug 10,2023
# vlog -work xil_defaultlib glbl.v 
# -- Compiling module glbl
# 
# Top level modules:
# 	glbl
# End time: 17:31:05 on Aug 10,2023, Elapsed time: 0:00:00
# Errors: 0, Warnings: 0
