# //  ModelSim SE-64 10.7 Dec  7 2017
# //
# //  Copyright 1991-2017 Mentor Graphics Corporation
# //  All Rights Reserved.
# //
# //  ModelSim SE-64 and its associated documentation contain trade
# //  secrets and commercial or financial information that are the property of
# //  Mentor Graphics Corporation and are privileged, confidential,
# //  and exempt from disclosure under the Freedom of Information Act,
# //  5 U.S.C. Section 552. Furthermore, this information
# //  is prohibited from disclosure under the Trade Secrets Act,
# //  18 U.S.C. Section 1905.
# //
# do {SIM_uart_drive_TB_simulate.do}
# vsim -voptargs=""+acc"" -L xil_defaultlib -L unisims_ver -L unimacro_ver -L secureip -L xpm -lib xil_defaultlib xil_defaultlib.SIM_uart_drive_TB xil_defaultlib.glbl 
# Start time: 17:31:13 on Aug 10,2023
# ** Note: (vsim-8009) Loading existing optimized design _opt
# Loading work.SIM_uart_drive_TB(fast)
# Loading work.uart_drive(fast)
# Loading work.clk_div(fast)
# Loading work.rst_gen(fast)
# Loading work.uart_rx(fast)
# Loading work.uart_tx(fast)
# Loading work.glbl(fast)
# 1
# 1
# .main_pane.wave.interior.cs.body.pw.wf
# .main_pane.structure.interior.cs.body.struct
# .main_pane.objects.interior.cs.body.tree
add wave -position insertpoint sim:/SIM_uart_drive_TB/u_uart_drive/u_uart_tx/*
add wave -position insertpoint sim:/SIM_uart_drive_TB/u_uart_drive/u_uart_rx/*
restart
# ** Note: (vsim-8009) Loading existing optimized design _opt
# Loading work.SIM_uart_drive_TB(fast)
# Loading work.uart_drive(fast)
# Loading work.clk_div(fast)
# Loading work.rst_gen(fast)
# Loading work.uart_rx(fast)
# Loading work.uart_tx(fast)
# Loading work.glbl(fast)
run
# End time: 17:31:45 on Aug 10,2023, Elapsed time: 0:00:32
# Errors: 0, Warnings: 0
